<?xml version="1.0" encoding="UTF-8"?>
<!-- Generated by org.testng.reporters.JUnitXMLReporter -->
<testsuite ignored="0" hostname="Surajit" failures="0" tests="3" name="Default test" time="41.749" errors="0" timestamp="2024-01-02T23:53:40 IST">
  <testcase classname="MyTest.Test.SubmitOrderTest" name="submitOrder" time="14.949"/>
  <testcase classname="MyTest.Test.SubmitOrderTest" name="submitOrder" time="14.812"/>
  <testcase classname="MyTest.Test.SubmitOrderTest" name="OrderHistoryTest" time="0.777"/>
</testsuite> <!-- Default test -->
