<?xml version="1.0" encoding="UTF-8"?>
<!-- Generated by org.testng.reporters.JUnitXMLReporter -->
<testsuite ignored="0" hostname="Surajit" failures="1" tests="2" name="Error Validations Test" time="22.489" errors="0" timestamp="2024-01-03T23:47:54 IST">
  <testcase classname="MyTest.Test.ErrorValidationTest" name="LoginErrorValidation" time="0.524">
    <failure type="java.lang.AssertionError" message="expected [Incorrect email or password.] but found [Incorrect email  password.]">
      <![CDATA[java.lang.AssertionError: expected [Incorrect email or password.] but found [Incorrect email  password.]
at MyTest.Test.ErrorValidationTest.LoginErrorValidation(ErrorValidationTest.java:21)
at java.base/java.util.ArrayList.forEach(ArrayList.java:1511)
... Removed 33 stack frames]]>
    </failure>
  </testcase> <!-- LoginErrorValidation -->
  <testcase classname="MyTest.Test.ErrorValidationTest" name="ProductErrorValidation" time="13.789"/>
</testsuite> <!-- Error Validations Test -->
