<?xml version="1.0" encoding="UTF-8"?>
<!-- Generated by org.testng.reporters.JUnitXMLReporter -->
<testsuite ignored="3" hostname="Surajit" failures="0" tests="1" name="Test4" time="5.941" errors="0" timestamp="2022-12-14T22:14:43 IST">
  <testcase classname="MyTest.LocatorDemo" name="robotDemo" time="2.229"/>
  <testcase classname="MyTest.LocatorDemo" name="validateText" time="0.0">
    <ignored/>
  </testcase> <!-- validateText -->
  <testcase classname="MyTest.LocatorDemo" name="alertDemo" time="0.0">
    <ignored/>
  </testcase> <!-- alertDemo -->
  <testcase classname="MyTest.LocatorDemo" name="launch" time="0.0">
    <ignored/>
  </testcase> <!-- launch -->
</testsuite> <!-- Test4 -->
